-------------------------------------------------------------------------------
Test set: com.sg.classroster.dao.ClassRosterDaoFileImplTest
-------------------------------------------------------------------------------
Tests run: 1, Failures: 1, Errors: 0, Skipped: 0, Time elapsed: 0.011 sec <<< FAILURE!
com.sg.classroster.dao.ClassRosterDaoFileImplTest.testAddGetStudent()  Time elapsed: 0.008 sec  <<< FAILURE!
java.lang.NullPointerException
	at com.sg.classroster.dao.ClassRosterDaoFileImplTest.testAddGetStudent(ClassRosterDaoFileImplTest.java:59)

